 2020-04-22-18:45:24 start.sh --online=true --host-groups=local --tags=rancher-k8s-install 
 2020-04-22-19:16:49 start.sh --online=true --host-groups=local --tags=rancher-k8s-install 
 2020-04-22-19:23:05 start.sh --online=true --host-groups=local --tags=rancher-k8s-install 
 2020-04-22-19:24:02 start.sh --online=true --host-groups=local --tags=rancher-k8s-install 
 2020-04-22-19:26:05 start.sh --online=true --host-groups=local --tags=rancher-k8s-install 
 2020-04-22-19:27:25 start.sh --online=true --host-groups=local --tags=rancher-k8s-install 
 2020-04-22-19:28:30 start.sh --online=true --host-groups=local --tags=rancher-k8s-install 
 2020-04-22-19:29:53 start.sh --online=true --host-groups=local --tags=rancher-k8s-install 
 2020-04-22-19:30:47 start.sh --online=true --host-groups=local --tags=rancher-k8s-install 
 2020-04-22-19:31:17 start.sh --online=true --host-groups=local --tags=rancher-k8s-install 
 2020-04-22-20:36:11 start.sh --online=true --host-groups=local --tags=rancher-k8s-install 
 2020-04-23-11:15:20 start.sh --online=true --host-groups=local --tags=rancher-k8s-install 
 2020-04-23-12:01:42 start.sh --online=true --host-groups=local --tags=rancher-k8s-install 
 2020-04-25-13:28:34 start.sh --online=true --host-groups=local --tags=node-init 
 2020-04-25-13:30:22 start.sh --online=true --host-groups=local --tags=node-init 
 2020-04-25-13:30:56 start.sh --online=true --host-groups=local --tags=node-init 
 2020-04-25-14:20:14 start.sh --online=true --host-groups=local-dev-1 --tags=node-clean 
 2020-04-25-14:20:38 start.sh --online=true --host-groups=local-dev-1 --tags=node-clean 
 2020-04-25-14:20:50 start.sh --online=true --host-groups=local-dev-1 --tags=node-clean 
 2020-04-25-14:21:08 start.sh --online=true --host-groups=local-dev-1 --tags=node-clean 
 2020-04-25-14:21:27 start.sh --online=true --host-groups=local_dev_1 --tags=node-clean 
 2020-04-25-14:22:06 start.sh --online=true --host-groups=local_dev --tags=node-clean 
 2020-04-25-14:26:00 start.sh --online=true --host-groups=local1 --tags=node-clean 
 2020-04-25-14:26:38 start.sh --online=true --host-groups=local --tags=node-clean 
 2020-04-25-14:27:37 start.sh --online=true --host-groups=local --tags=node-clean 
 2020-04-25-14:28:28 start.sh --online=true --host-groups=localdev --tags=node-clean 
 2020-04-25-14:30:46 start.sh --online=true --host-groups=localdev --tags=node-clean 
 2020-04-25-14:31:37 start.sh --online=true --host-groups=localdev --tags=node-clean 
 2020-04-25-14:40:04 start.sh --online=true --host-groups=localdev --tags=node-clean 
 2020-04-25-14:52:26 start.sh --online=true --host-groups=localdev --tags=node-clean 
 2020-04-25-18:50:52 start.sh --online=true --host-groups=local-dev-1 --tags=node-clean 
 2020-04-25-18:52:33 start.sh --online=true --host-groups=local-dev-1 --tags=node-clean 
 2020-04-25-18:53:15 start.sh --online=true --host-groups=local-dev-1 --tags=node-clean 
 2020-04-25-18:54:45 start.sh --online=true --host-groups=local-dev-1 --tags=node-clean 
 2020-04-25-18:55:29 start.sh --online=true --host-groups=local-dev-1 --tags=node-clean 
 2020-04-25-18:56:07 start.sh --online=true --host-groups=local-dev-1 --tags=node-clean 
 2020-05-07-11:45:43 start.sh --online=true 
 2020-05-07-11:47:57 start.sh --online=true 
 2020-05-07-11:48:09 start.sh --online=true 
 2020-05-07-11:50:22 start.sh --online=true 
 2020-05-07-11:50:41 start.sh --online=true 
 2020-05-07-11:52:39 start.sh --online=true 
 2020-05-07-11:53:48 start.sh --online=true 
 2020-05-07-11:55:25 start.sh --online=true 
 2020-05-07-11:55:48 start.sh --online=true 
 2020-05-07-11:56:10 start.sh --online=true 
 2020-05-07-11:56:31 start.sh --online=true 
 2020-05-07-11:58:23 start.sh --online=true 
 2020-05-07-11:58:40 start.sh --online=true 
 2020-05-07-12:10:12 start.sh --online=true 
 2020-05-07-12:11:46 start.sh --online=true 
 2020-05-07-12:17:55 start.sh --online=true 
 2020-05-07-15:51:49 start.sh --online=true --tags=custom-k8s 
 2020-05-07-16:05:44 start.sh --online=true --tags=custom-k8s 
 2020-05-07-16:06:54 start.sh --online=true --tags=custom-k8s 
 2020-05-07-16:08:03 start.sh --online=true --tags=custom-k8s 
 2020-05-07-16:08:21 start.sh --online=true --tags=custom-k8s 
 2020-05-07-16:09:55 start.sh --online=true --tags=custom-k8s 
 2020-05-07-16:10:31 start.sh --online=true --tags=custom-k8s 
 2020-05-07-16:23:41 start.sh --online=true --tags=custom-k8s 
 2020-05-07-16:24:09 start.sh --online=true --tags=custom-k8s 
 2020-05-07-16:24:58 start.sh --online=true --tags=custom-k8s 
 2020-05-07-16:31:30 start.sh --online=true --tags=custom-k8s 
 2020-05-07-16:33:06 start.sh --online=true --tags=custom-k8s 
 2020-05-07-16:33:36 start.sh --online=true --tags=custom-k8s 
 2020-05-07-16:45:12 start.sh --online=true --tags=custom-k8s 
 2020-05-07-16:45:36 start.sh --online=true --tags=custom-k8s 
 2020-05-07-16:49:21 start.sh --online=true --tags=custom-k8s 
 2020-05-07-16:51:34 start.sh --online=true --tags=custom-k8s 
 2020-05-07-16:52:49 start.sh --online=true --tags=custom-k8s 
 2020-05-07-17:16:28 start.sh --online=true --tags=custom-k8s 
 2020-05-07-17:17:27 start.sh --online=true --tags=custom-k8s 
 2020-05-07-17:18:06 start.sh --online=true --tags=custom-k8s 
 2020-05-07-17:40:01 start.sh --online=true --tags=custom-k8s-cfg 
 2020-05-07-17:42:38 start.sh --online=true --tags=custom-k8s-cfg 
 2020-05-07-17:43:18 start.sh --online=true --tags=custom-k8s-cfg 
 2020-05-07-17:44:59 start.sh --online=true --tags=custom-k8s-cfg 
 2020-05-07-17:47:03 start.sh --online=true --tags=custom-k8s-cfg 
 2020-05-07-17:47:58 start.sh --online=true --tags=custom-k8s-cfg 
 2020-05-07-17:48:37 start.sh --online=true --tags=custom-k8s-cfg 
 2020-05-07-17:52:00 start.sh --online=true --tags=custom-k8s-cfg 
 2020-05-07-17:54:15 start.sh --online=true --tags=custom-k8s-cfg 
 2020-05-07-17:54:29 start.sh --online=true --tags=custom-k8s-cfg 
 2020-05-07-17:58:19 start.sh --online=true --tags=custom-k8s-cfg 
 2020-05-07-17:59:07 start.sh --online=true --tags=custom-k8s-cfg 
 2020-05-07-18:00:04 start.sh --online=true --tags=custom-k8s-cfg 
 2020-05-07-18:01:38 start.sh --online=true --tags=custom-k8s-cfg 
 2020-05-07-18:04:12 start.sh --online=true --tags=custom-k8s-cfg 
 2020-05-07-18:04:49 start.sh --online=true --tags=custom-k8s-cfg 
 2020-05-07-18:06:07 start.sh --online=true --tags=custom-k8s-cfg 
 2020-05-07-18:08:45 start.sh --online=true --tags=custom-k8s-cfg1 
 2020-05-07-18:09:07 start.sh --online=true --tags=custom-k8s-cfg 
 2020-05-07-18:13:57 start.sh --online=true --tags=custom-k8s-cfg 
 2020-05-07-18:17:01 start.sh --online=true --tags=custom-k8s-cfg 
 2020-05-07-18:20:01 start.sh --online=true --tags=custom-k8s-cfg 
 2020-05-07-18:22:39 start.sh --online=true --tags=custom-k8s-cfg 
 2020-05-07-18:22:55 start.sh --online=true --tags=custom-k8s-cfg 
 2020-05-07-18:23:47 start.sh --online=true --tags=custom-k8s-cfg 
 2020-05-07-18:24:49 start.sh --online=true --tags=custom-k8s-cfg 
 2020-05-07-18:44:12 start.sh --online=true --tags=custom-k8s-cfg 
 2020-05-07-19:00:10 start.sh --online=true --tags=custom-k8s 
 2020-05-07-19:01:29 start.sh --online=true 
